julia@0xDEAD:~/Desktop/rule-of-3/simple$ valgrind --leak-check=full --show-leak-kinds=all ./program
==27011== Memcheck, a memory error detector
==27011== Copyright (C) 2002-2015, and GNU GPL'd, by Julian Seward et al.
==27011== Using Valgrind-3.11.0 and LibVEX; rerun with -h for copyright info
==27011== Command: ./program
==27011==
New person: Julia, 20 y.o.
Persons in town: 1
New person from existing one: Julia, 20 y.o.
Persons in town: 2
New person: Irina, 40 y.o.
Persons in town: 3
Person copying to: Julia, 20 y.o.
Deleting Person Julia, 20 y.o. Bye :(
Persons in town: 2
Deleting Person Julia, 20 y.o. Bye :(
Persons in town: 1
Deleting Person Julia, 20 y.o. Bye :(
Persons in town: 0
-----------------
Persons in town: 0
End of main() :(
==27011==
==27011== HEAP SUMMARY:
==27011==     in use at exit: 72,704 bytes in 1 blocks
==27011==   total heap usage: 6 allocs, 5 frees, 73,752 bytes allocated
==27011==
==27011== 72,704 bytes in 1 blocks are still reachable in loss record 1 of 1
==27011==    at 0x4C2DB8F: malloc (in /usr/lib/valgrind/vgpreload_memcheck-amd64-linux.so)
==27011==    by 0x4EC6365: ??? (in /usr/lib/x86_64-linux-gnu/libstdc++.so.6.0.24)
==27011==    by 0x40106B9: call_init.part.0 (dl-init.c:72)
==27011==    by 0x40107CA: call_init (dl-init.c:30)
==27011==    by 0x40107CA: _dl_init (dl-init.c:120)
==27011==    by 0x4000C69: ??? (in /lib/x86_64-linux-gnu/ld-2.23.so)
==27011==
==27011== LEAK SUMMARY:
==27011==    definitely lost: 0 bytes in 0 blocks
==27011==    indirectly lost: 0 bytes in 0 blocks
==27011==      possibly lost: 0 bytes in 0 blocks
==27011==    still reachable: 72,704 bytes in 1 blocks
==27011==         suppressed: 0 bytes in 0 blocks
==27011==
==27011== For counts of detected and suppressed errors, rerun with: -v
==27011== ERROR SUMMARY: 0 errors from 0 contexts (suppressed: 0 from 0)
