julia@0xDEAD:~/Desktop/rule-of-3/more_complicated$ valgrind --leak-check=full --show-leak-kinds=all ./program
==27119== Memcheck, a memory error detector
==27119== Copyright (C) 2002-2015, and GNU GPL'd, by Julian Seward et al.
==27119== Using Valgrind-3.11.0 and LibVEX; rerun with -h for copyright info
==27119== Command: ./program
==27119==
Person::Person(Julia Roberts, 20 y.o.)
Persons in town: 1
Person::Person(const Person &)
        Person(Julia Roberts, 20 y.o.)
Persons in town: 2
Person::Person(Natasha Williams, 30 y.o.)
Persons in town: 3
Person::operator=(const Person &)
        Person(Natasha Williams, 30 y.o.)
Persons in town: 3
Person::~Person(). Bye, Natasha Williams
        ~Person(Natasha Williams, 30 y.o.)
Persons in town: 2
Person::~Person(). Bye, Julia Roberts
        ~Person(Julia Roberts, 20 y.o.)
Persons in town: 1
Person::~Person(). Bye, Natasha Williams
        ~Person(Natasha Williams, 30 y.o.)
Persons in town: 0
End of main() :(
==27119==
==27119== HEAP SUMMARY:
==27119==     in use at exit: 72,704 bytes in 1 blocks
==27119==   total heap usage: 10 allocs, 9 frees, 73,790 bytes allocated
==27119==
==27119== 72,704 bytes in 1 blocks are still reachable in loss record 1 of 1
==27119==    at 0x4C2DB8F: malloc (in /usr/lib/valgrind/vgpreload_memcheck-amd64-linux.so)
==27119==    by 0x4EC6365: ??? (in /usr/lib/x86_64-linux-gnu/libstdc++.so.6.0.24)
==27119==    by 0x40106B9: call_init.part.0 (dl-init.c:72)
==27119==    by 0x40107CA: call_init (dl-init.c:30)
==27119==    by 0x40107CA: _dl_init (dl-init.c:120)
==27119==    by 0x4000C69: ??? (in /lib/x86_64-linux-gnu/ld-2.23.so)
==27119==
==27119== LEAK SUMMARY:
==27119==    definitely lost: 0 bytes in 0 blocks
==27119==    indirectly lost: 0 bytes in 0 blocks
==27119==      possibly lost: 0 bytes in 0 blocks
==27119==    still reachable: 72,704 bytes in 1 blocks
==27119==         suppressed: 0 bytes in 0 blocks
==27119==
==27119== For counts of detected and suppressed errors, rerun with: -v
==27119== ERROR SUMMARY: 0 errors from 0 contexts (suppressed: 0 from 0)
